<?xml version="1.0" encoding="UTF-8"?>
<testsuite xmlns:xsi="http://www.w3.org/2001/XMLSchema-instance" xsi:noNamespaceSchemaLocation="https://maven.apache.org/surefire/maven-surefire-plugin/xsd/surefire-test-report-3.0.xsd" version="3.0" name="com.fujitsu.fnc.vta.settingsmanager.model.FilterSetTest" time="0.02" tests="7" errors="0" skipped="0" failures="0">
  <properties>
[...]
</properties>
  <testcase name="testParameterizedConstructorAndGetters" classname="com.fujitsu.fnc.vta.settingsmanager.model.FilterSetTest" time="0.002"/>
  <testcase name="testRuleEqualsAndHashCode" classname="com.fujitsu.fnc.vta.settingsmanager.model.FilterSetTest" time="0.002"/>
  <testcase name="testToString" classname="com.fujitsu.fnc.vta.settingsmanager.model.FilterSetTest" time="0.005"/>
  <testcase name="testRuleGettersAndSetters" classname="com.fujitsu.fnc.vta.settingsmanager.model.FilterSetTest" time="0.001"/>
  <testcase name="testRuleToString" classname="com.fujitsu.fnc.vta.settingsmanager.model.FilterSetTest" time="0.001"/>
  <testcase name="testEqualsAndHashCode" classname="com.fujitsu.fnc.vta.settingsmanager.model.FilterSetTest" time="0.001"/>
  <testcase name="testDefaultConstructor" classname="com.fujitsu.fnc.vta.settingsmanager.model.FilterSetTest" time="0.002"/>
</testsuite>